<?xml version='1.0' encoding='UTF-8'?>
<testsuite hostname="DESKTOP-7UDDDVC" name="com.example.cinemaworld.AppDatabaseTests" tests="14" errors="0" failures="0" skipped="0" time="5.33" timestamp="2024-03-03T23:27:51">
          <properties>
      <property name="java.specification.version" value="14"/><property name="sun.cpu.isalist" value="amd64"/><property name="sun.jnu.encoding" value="Cp1252"/><property name="sun.arch.data.model" value="64"/><property name="java.vendor.url" value="https://java.oracle.com/"/><property name="sun.boot.library.path" value="C:\Program Files\Java\jdk-14.0.2\bin"/><property name="sun.java.command" value="xsbt.boot.Boot test"/><property name="jdk.debug" value="release"/><property name="sun.stderr.encoding" value="cp437"/><property name="java.specification.vendor" value="Oracle Corporation"/><property name="java.version.date" value="2020-07-14"/><property name="java.home" value="C:\Program Files\Java\jdk-14.0.2"/><property name="file.separator" value="\"/><property name="java.vm.compressedOopsMode" value="32-bit"/><property name="line.separator" value="
"/><property name="sun.stdout.encoding" value="cp437"/><property name="java.vm.specification.vendor" value="Oracle Corporation"/><property name="java.specification.name" value="Java Platform API Specification"/><property name="user.script" value=""/><property name="sun.management.compiler" value="HotSpot 64-Bit Tiered Compilers"/><property name="java.runtime.version" value="14.0.2+12-46"/><property name="user.name" value="sreek"/><property name="log4j.ignoreTCL" value="true"/><property name="file.encoding" value="UTF-8"/><property name="jnidispatch.path" value="C:\Users\sreek\AppData\Local\Temp\jna-109701388\jna7375199709624041722.dll"/><property name="jna.loaded" value="true"/><property name="java.io.tmpdir" value="C:\Users\sreek\AppData\Local\Temp\"/><property name="java.version" value="14.0.2"/><property name="java.vm.specification.name" value="Java Virtual Machine Specification"/><property name="sun.os.patch.level" value=""/><property name="java.library.path" value="C:\Program Files\Java\jdk-14.0.2\bin;C:\WINDOWS\Sun\Java\bin;C:\WINDOWS\system32;C:\WINDOWS;C:\Program Files\Java\jdk-14.0.2\bin;C:\WINDOWS\system32;C:\WINDOWS;C:\WINDOWS\System32\Wbem;C:\WINDOWS\System32\WindowsPowerShell\v1.0\;C:\WINDOWS\System32\OpenSSH\;C:\Program Files (x86)\Yarn\bin\;C:\Users\sreek\AppData\Local\Android\Sdk\platforms;C:\Users\sreek\AppData\Local\Android\Sdk\platforms-tools;C:\Program Files\Git\cmd;C:\Program Files\Java\jdk-14.0.2;C:\Program Files\MATLAB\R2022a\bin;C:\Program Files\Docker\Docker\resources\bin;C:\ProgramData\DockerDesktop\version-bin;C:\Users\sreek\Downloads\ffmpeg-2021-12-30-git-12f21849e5-essentials_build\bin;C:\Program Files\PuTTY\;C:\Users\sreek\Downloads\apache-ant-1.10.14-bin\apache-ant-1.10.14;C:\Program Files\nodejs\;C:\Program Files\dotnet\;C:\Program Files\PostgreSQL\16\bin;C:\Ruby27-x64\bin;C:\Users\sreek\Anaconda3;C:\Users\sreek\Anaconda3\Library\mingw-w64\bin;C:\Users\sreek\Anaconda3\Library\usr\bin;C:\Users\sreek\Anaconda3\Library\bin;C:\Users\sreek\Anaconda3\Scripts;C:\Users\sreek\AppData\Local\Microsoft\WindowsApps;C:\Users\sreek\AppData\Local\Programs\Microsoft VS Code\bin;C:\Program Files\JetBrains\IntelliJ IDEA Community Edition 2020.2\bin;C:\Users\sreek\AppData\Local\Yarn\bin;C:\Users\sreek\AppData\Local\Android\Sdk\platform-tools;C:\Users\sreek\AppData\Local\Android\Sdk\platform;C:\Users\sreek\AppData\Local\Android\Sdk\tools;C:\Users\sreek\AppData\Local\GitHubDesktop\bin;C:\Users\sreek\AppData\Local\Microsoft\WindowsApps;C:\Users\sreek\flutter\bin;C:\Program Files\Java\jdk-14.0.2\bin;C:\Python27;C:\Users\sreek\Downloads\apache-ant-1.10.14-bin\apache-ant-1.10.14\bin;C:\Users\sreek\AppData\Roaming\npm;C:\Users\sreek\.dotnet\tools;C:\Users\sreek\AppData\Local\Coursier\data\bin;C:\Program Files\PostgreSQL\16\bin;;."/><property name="java.vendor" value="Oracle Corporation"/><property name="scala.ext.dirs" value="C:\Users\sreek\.sbt\1.0\java9-rt-ext-oracle_corporation_14_0_2"/><property name="sun.io.unicode.encoding" value="UnicodeLittle"/><property name="java.class.path" value="C:\Users\sreek\AppData\Local\Coursier\cache\arc\https\github.com\sbt\sbt\releases\download\v1.9.9\sbt-1.9.9.zip\sbt\bin\sbt-launch.jar"/><property name="java.vm.vendor" value="Oracle Corporation"/><property name="user.variant" value=""/><property name="jline.shutdownhook" value="false"/><property name="user.timezone" value="America/New_York"/><property name="java.vm.specification.version" value="14"/><property name="os.name" value="Windows 10"/><property name="sun.java.launcher" value="SUN_STANDARD"/><property name="user.country" value="US"/><property name="sun.cpu.endian" value="little"/><property name="user.home" value="C:\Users\sreek"/><property name="user.language" value="en"/><property name="sbt.ipcsocket.tmpdir" value="C:\Users\sreek\AppData\Local\Temp\.sbt1ce79b7e\ipcsocket"/><property name="swoval.tmpdir" value="C:\Users\sreek\AppData\Local\Temp\.sbt1ce79b7e\swoval"/><property name="jline.esc.timeout" value="0"/><property name="path.separator" value=";"/><property name="os.version" value="10.0"/><property name="jna.nosys" value="true"/><property name="java.runtime.name" value="Java(TM) SE Runtime Environment"/><property name="java.vm.name" value="Java HotSpot(TM) 64-Bit Server VM"/><property name="java.vendor.url.bug" value="https://bugreport.java.com/bugreport/"/><property name="user.dir" value="C:\Users\sreek\Downloads\cinema-world-main\cinema-world-main"/><property name="os.arch" value="amd64"/><property name="java.vm.info" value="mixed mode, sharing"/><property name="java.vm.version" value="14.0.2+12-46"/><property name="java.class.version" value="58.0"/>
    </properties>
          <testcase classname="com.example.cinemaworld.AppDatabaseTests" name="Add a movie and verify it is added" time="0.652">
                      
                    </testcase><testcase classname="com.example.cinemaworld.AppDatabaseTests" name="Add a showtime for an existing movie and verify" time="0.298">
                      
                    </testcase><testcase classname="com.example.cinemaworld.AppDatabaseTests" name="Add a reservation for an existing showtime and verify" time="0.367">
                      
                    </testcase><testcase classname="com.example.cinemaworld.AppDatabaseTests" name="Attempt to add a showtime for a non-existent movie" time="0.128">
                      
                    </testcase><testcase classname="com.example.cinemaworld.AppDatabaseTests" name="Verify cancellation of a reservation applies penalty if within 24 hours" time="0.392">
                      
                    </testcase><testcase classname="com.example.cinemaworld.AppDatabaseTests" name="Add multiple movies and verify they are added" time="0.228">
                      
                    </testcase><testcase classname="com.example.cinemaworld.AppDatabaseTests" name="Verify capacity limitations when adding reservations" time="0.415">
                      
                    </testcase><testcase classname="com.example.cinemaworld.AppDatabaseTests" name="Attempt to add a showtime with invalid movie ID and verify failure" time="0.11">
                      
                    </testcase><testcase classname="com.example.cinemaworld.AppDatabaseTests" name="Verify correct penalty application for late cancellation" time="0.343">
                      
                    </testcase><testcase classname="com.example.cinemaworld.AppDatabaseTests" name="Ensure multiple reservations do not exceed showtime capacity" time="0.359">
                      
                    </testcase><testcase classname="com.example.cinemaworld.AppDatabaseTests" name="Add 20 movies and verify they are added" time="0.675">
                      
                    </testcase><testcase classname="com.example.cinemaworld.AppDatabaseTests" name="Add 20 showtimes for a single movie and verify they are added" time="0.66">
                      
                    </testcase><testcase classname="com.example.cinemaworld.AppDatabaseTests" name="Ensure multiple reservations by the same customer do not exceed showtime capacity" time="0.269">
                      
                    </testcase><testcase classname="com.example.cinemaworld.AppDatabaseTests" name="Add 20 reservations for different customers and verify they are processed correctly" time="0.434">
                      
                    </testcase>
          <system-out><![CDATA[]]></system-out>
          <system-err><![CDATA[]]></system-err>
        </testsuite>